# vsim -batch crc_lib.generic_crc_tb -t ns -voptargs="+acc" -do "run.do" 
# Start time: 19:08:47 on Apr 29,2021
# ** Note: (vsim-3812) Design is being optimized...
# ** Note: (vopt-143) Recognized 1 FSM in architecture body "generic_crc(rtl)".
# //  ModelSim SE-64 10.7 Dec  7 2017
# //
# //  Copyright 1991-2017 Mentor Graphics Corporation
# //  All Rights Reserved.
# //
# //  ModelSim SE-64 and its associated documentation contain trade
# //  secrets and commercial or financial information that are the property of
# //  Mentor Graphics Corporation and are privileged, confidential,
# //  and exempt from disclosure under the Freedom of Information Act,
# //  5 U.S.C. Section 552. Furthermore, this information
# //  is prohibited from disclosure under the Trade Secrets Act,
# //  18 U.S.C. Section 1905.
# //
# Loading std.standard
# Loading std.textio(body)
# Loading ieee.std_logic_1164(body)
# Loading ieee.numeric_std(body)
# Loading std.env(body)
# Loading work.generic_crc_tb(bhv)#1
# Loading work.generic_crc(rtl)#1
# 
# do run.do
# ** Failure: CRC FAIL:
#    Time: 189 ns  Iteration: 2  Process: /generic_crc_tb/self_checker File: ../hdl/generic_crc_tb.vhd
# Break in Process self_checker at ../hdl/generic_crc_tb.vhd line 104
# End time: 19:08:50 on Apr 29,2021, Elapsed time: 0:00:03
# Errors: 1, Warnings: 0
